<?xml version="1.0" encoding="UTF-8"?>
<!-- Generated by org.testng.reporters.JUnitReportReporter -->
<testsuite skipped="0" hostname="DESKTOP-K2UCR1U" name="Assignment.Assign" tests="1" failures="0" timestamp="2022-07-13T10:55:07 IST" time="12.908" errors="0">
  <testcase name="practiceEcommerceTest" time="12.908" classname="Assignment.Assign"/>
  <system-out/>
</testsuite> <!-- Assignment.Assign -->
