<?xml version="1.0" encoding="UTF-8"?>
<!-- Generated by org.testng.reporters.JUnitReportReporter -->
<testsuite skipped="0" hostname="DESKTOP-K2UCR1U" name="Assignment.Assign" tests="1" failures="0" timestamp="2022-07-12T15:22:23 IST" time="11.507" errors="0">
  <testcase name="practiceEcommerceTest" time="11.507" classname="Assignment.Assign"/>
  <system-out/>
</testsuite> <!-- Assignment.Assign -->
